<?xml version="1.0" encoding="UTF-8"?>
<testsuite xmlns:xsi="http://www.w3.org/2001/XMLSchema-instance" xsi:noNamespaceSchemaLocation="https://maven.apache.org/surefire/maven-surefire-plugin/xsd/surefire-test-report-3.0.xsd" version="3.0" name="com.bdd.runner.TestRunner" time="118.957" tests="9" errors="0" skipped="0" failures="0">
  <properties>
    <property name="java.specification.version" value="21"/>
    <property name="webdriver.chrome.driver" value="C:\Users\Shreyasu\.cache\selenium\chromedriver\win64\138.0.7204.168\chromedriver.exe"/>
    <property name="sun.cpu.isalist" value="amd64"/>
    <property name="sun.jnu.encoding" value="Cp1252"/>
    <property name="java.class.path" value="C:\Users\Shreyasu\Pooja\WebAutomation\RosemountTankMasterAT\target\test-classes;C:\Users\Shreyasu\Pooja\WebAutomation\RosemountTankMasterAT\target\classes;C:\Users\Shreyasu\.m2\repository\org\testng\testng\7.11.0\testng-7.11.0.jar;C:\Users\Shreyasu\.m2\repository\org\slf4j\slf4j-api\2.0.16\slf4j-api-2.0.16.jar;C:\Users\Shreyasu\.m2\repository\org\jcommander\jcommander\1.83\jcommander-1.83.jar;C:\Users\Shreyasu\.m2\repository\org\webjars\jquery\3.7.1\jquery-3.7.1.jar;C:\Users\Shreyasu\.m2\repository\org\seleniumhq\selenium\selenium-java\4.34.0\selenium-java-4.34.0.jar;C:\Users\Shreyasu\.m2\repository\org\seleniumhq\selenium\selenium-api\4.34.0\selenium-api-4.34.0.jar;C:\Users\Shreyasu\.m2\repository\org\jspecify\jspecify\1.0.0\jspecify-1.0.0.jar;C:\Users\Shreyasu\.m2\repository\org\seleniumhq\selenium\selenium-chrome-driver\4.34.0\selenium-chrome-driver-4.34.0.jar;C:\Users\Shreyasu\.m2\repository\com\google\auto\service\auto-service-annotations\1.1.1\auto-service-annotations-1.1.1.jar;C:\Users\Shreyasu\.m2\repository\org\seleniumhq\selenium\selenium-chromium-driver\4.34.0\selenium-chromium-driver-4.34.0.jar;C:\Users\Shreyasu\.m2\repository\org\seleniumhq\selenium\selenium-json\4.34.0\selenium-json-4.34.0.jar;C:\Users\Shreyasu\.m2\repository\org\seleniumhq\selenium\selenium-manager\4.34.0\selenium-manager-4.34.0.jar;C:\Users\Shreyasu\.m2\repository\org\seleniumhq\selenium\selenium-devtools-v136\4.34.0\selenium-devtools-v136-4.34.0.jar;C:\Users\Shreyasu\.m2\repository\org\seleniumhq\selenium\selenium-devtools-v137\4.34.0\selenium-devtools-v137-4.34.0.jar;C:\Users\Shreyasu\.m2\repository\org\seleniumhq\selenium\selenium-devtools-v138\4.34.0\selenium-devtools-v138-4.34.0.jar;C:\Users\Shreyasu\.m2\repository\org\seleniumhq\selenium\selenium-edge-driver\4.34.0\selenium-edge-driver-4.34.0.jar;C:\Users\Shreyasu\.m2\repository\org\seleniumhq\selenium\selenium-firefox-driver\4.34.0\selenium-firefox-driver-4.34.0.jar;C:\Users\Shreyasu\.m2\repository\org\seleniumhq\selenium\selenium-http\4.34.0\selenium-http-4.34.0.jar;C:\Users\Shreyasu\.m2\repository\org\seleniumhq\selenium\selenium-ie-driver\4.34.0\selenium-ie-driver-4.34.0.jar;C:\Users\Shreyasu\.m2\repository\org\seleniumhq\selenium\selenium-remote-driver\4.34.0\selenium-remote-driver-4.34.0.jar;C:\Users\Shreyasu\.m2\repository\com\google\guava\guava\33.4.8-jre\guava-33.4.8-jre.jar;C:\Users\Shreyasu\.m2\repository\com\google\guava\failureaccess\1.0.3\failureaccess-1.0.3.jar;C:\Users\Shreyasu\.m2\repository\com\google\guava\listenablefuture\9999.0-empty-to-avoid-conflict-with-guava\listenablefuture-9999.0-empty-to-avoid-conflict-with-guava.jar;C:\Users\Shreyasu\.m2\repository\com\google\j2objc\j2objc-annotations\3.0.0\j2objc-annotations-3.0.0.jar;C:\Users\Shreyasu\.m2\repository\io\opentelemetry\opentelemetry-api\1.51.0\opentelemetry-api-1.51.0.jar;C:\Users\Shreyasu\.m2\repository\io\opentelemetry\opentelemetry-context\1.51.0\opentelemetry-context-1.51.0.jar;C:\Users\Shreyasu\.m2\repository\io\opentelemetry\opentelemetry-exporter-logging\1.51.0\opentelemetry-exporter-logging-1.51.0.jar;C:\Users\Shreyasu\.m2\repository\io\opentelemetry\opentelemetry-sdk-common\1.51.0\opentelemetry-sdk-common-1.51.0.jar;C:\Users\Shreyasu\.m2\repository\io\opentelemetry\opentelemetry-sdk-extension-autoconfigure-spi\1.51.0\opentelemetry-sdk-extension-autoconfigure-spi-1.51.0.jar;C:\Users\Shreyasu\.m2\repository\io\opentelemetry\opentelemetry-sdk-extension-autoconfigure\1.51.0\opentelemetry-sdk-extension-autoconfigure-1.51.0.jar;C:\Users\Shreyasu\.m2\repository\io\opentelemetry\opentelemetry-sdk-trace\1.51.0\opentelemetry-sdk-trace-1.51.0.jar;C:\Users\Shreyasu\.m2\repository\io\opentelemetry\opentelemetry-sdk\1.51.0\opentelemetry-sdk-1.51.0.jar;C:\Users\Shreyasu\.m2\repository\io\opentelemetry\opentelemetry-sdk-metrics\1.51.0\opentelemetry-sdk-metrics-1.51.0.jar;C:\Users\Shreyasu\.m2\repository\io\opentelemetry\opentelemetry-sdk-logs\1.51.0\opentelemetry-sdk-logs-1.51.0.jar;C:\Users\Shreyasu\.m2\repository\net\bytebuddy\byte-buddy\1.17.6\byte-buddy-1.17.6.jar;C:\Users\Shreyasu\.m2\repository\org\seleniumhq\selenium\selenium-os\4.34.0\selenium-os-4.34.0.jar;C:\Users\Shreyasu\.m2\repository\org\apache\commons\commons-exec\1.5.0\commons-exec-1.5.0.jar;C:\Users\Shreyasu\.m2\repository\org\seleniumhq\selenium\selenium-safari-driver\4.34.0\selenium-safari-driver-4.34.0.jar;C:\Users\Shreyasu\.m2\repository\org\seleniumhq\selenium\selenium-support\4.34.0\selenium-support-4.34.0.jar;C:\Users\Shreyasu\.m2\repository\io\cucumber\cucumber-java\7.25.0\cucumber-java-7.25.0.jar;C:\Users\Shreyasu\.m2\repository\org\apiguardian\apiguardian-api\1.1.2\apiguardian-api-1.1.2.jar;C:\Users\Shreyasu\.m2\repository\io\cucumber\cucumber-core\7.25.0\cucumber-core-7.25.0.jar;C:\Users\Shreyasu\.m2\repository\io\cucumber\cucumber-gherkin\7.25.0\cucumber-gherkin-7.25.0.jar;C:\Users\Shreyasu\.m2\repository\io\cucumber\cucumber-gherkin-messages\7.25.0\cucumber-gherkin-messages-7.25.0.jar;C:\Users\Shreyasu\.m2\repository\io\cucumber\gherkin\33.0.0\gherkin-33.0.0.jar;C:\Users\Shreyasu\.m2\repository\io\cucumber\messages\28.0.0\messages-28.0.0.jar;C:\Users\Shreyasu\.m2\repository\io\cucumber\pretty-formatter\0.3.0\pretty-formatter-0.3.0.jar;C:\Users\Shreyasu\.m2\repository\io\cucumber\query\13.5.0\query-13.5.0.jar;C:\Users\Shreyasu\.m2\repository\io\cucumber\testng-xml-formatter\0.4.0\testng-xml-formatter-0.4.0.jar;C:\Users\Shreyasu\.m2\repository\io\cucumber\tag-expressions\6.1.2\tag-expressions-6.1.2.jar;C:\Users\Shreyasu\.m2\repository\io\cucumber\cucumber-expressions\18.0.1\cucumber-expressions-18.0.1.jar;C:\Users\Shreyasu\.m2\repository\io\cucumber\datatable\7.25.0\datatable-7.25.0.jar;C:\Users\Shreyasu\.m2\repository\io\cucumber\cucumber-plugin\7.25.0\cucumber-plugin-7.25.0.jar;C:\Users\Shreyasu\.m2\repository\io\cucumber\docstring\7.25.0\docstring-7.25.0.jar;C:\Users\Shreyasu\.m2\repository\io\cucumber\html-formatter\21.13.0\html-formatter-21.13.0.jar;C:\Users\Shreyasu\.m2\repository\io\cucumber\junit-xml-formatter\0.8.0\junit-xml-formatter-0.8.0.jar;C:\Users\Shreyasu\.m2\repository\io\cucumber\ci-environment\10.0.1\ci-environment-10.0.1.jar;C:\Users\Shreyasu\.m2\repository\io\cucumber\cucumber-testng\7.25.0\cucumber-testng-7.25.0.jar;C:\Users\Shreyasu\.m2\repository\io\cucumber\cucumber-html\0.2.7\cucumber-html-0.2.7.jar;C:\Users\Shreyasu\.m2\repository\io\github\bonigarcia\webdrivermanager\6.1.0\webdrivermanager-6.1.0.jar;C:\Users\Shreyasu\.m2\repository\com\google\code\gson\gson\2.13.0\gson-2.13.0.jar;C:\Users\Shreyasu\.m2\repository\com\google\errorprone\error_prone_annotations\2.37.0\error_prone_annotations-2.37.0.jar;C:\Users\Shreyasu\.m2\repository\com\github\docker-java\docker-java\3.5.0\docker-java-3.5.0.jar;C:\Users\Shreyasu\.m2\repository\com\github\docker-java\docker-java-core\3.5.0\docker-java-core-3.5.0.jar;C:\Users\Shreyasu\.m2\repository\com\github\docker-java\docker-java-api\3.5.0\docker-java-api-3.5.0.jar;C:\Users\Shreyasu\.m2\repository\com\fasterxml\jackson\core\jackson-annotations\2.18.3\jackson-annotations-2.18.3.jar;C:\Users\Shreyasu\.m2\repository\com\fasterxml\jackson\core\jackson-databind\2.18.3\jackson-databind-2.18.3.jar;C:\Users\Shreyasu\.m2\repository\com\fasterxml\jackson\core\jackson-core\2.18.3\jackson-core-2.18.3.jar;C:\Users\Shreyasu\.m2\repository\org\slf4j\jcl-over-slf4j\1.7.30\jcl-over-slf4j-1.7.30.jar;C:\Users\Shreyasu\.m2\repository\com\github\docker-java\docker-java-transport-httpclient5\3.5.0\docker-java-transport-httpclient5-3.5.0.jar;C:\Users\Shreyasu\.m2\repository\com\github\docker-java\docker-java-transport\3.5.0\docker-java-transport-3.5.0.jar;C:\Users\Shreyasu\.m2\repository\net\java\dev\jna\jna\5.17.0\jna-5.17.0.jar;C:\Users\Shreyasu\.m2\repository\org\brotli\dec\0.1.2\dec-0.1.2.jar;C:\Users\Shreyasu\.m2\repository\org\apache\commons\commons-lang3\3.17.0\commons-lang3-3.17.0.jar;C:\Users\Shreyasu\.m2\repository\org\apache\commons\commons-compress\1.27.1\commons-compress-1.27.1.jar;C:\Users\Shreyasu\.m2\repository\commons-codec\commons-codec\1.17.1\commons-codec-1.17.1.jar;C:\Users\Shreyasu\.m2\repository\commons-io\commons-io\2.16.1\commons-io-2.16.1.jar;C:\Users\Shreyasu\.m2\repository\org\apache\httpcomponents\client5\httpclient5\5.4.3\httpclient5-5.4.3.jar;C:\Users\Shreyasu\.m2\repository\org\apache\httpcomponents\core5\httpcore5\5.3.4\httpcore5-5.3.4.jar;C:\Users\Shreyasu\.m2\repository\org\apache\httpcomponents\core5\httpcore5-h2\5.3.4\httpcore5-h2-5.3.4.jar;C:\Users\Shreyasu\.m2\repository\net\java\dev\jna\jna-platform\5.13.0\jna-platform-5.13.0.jar;C:\Users\Shreyasu\.m2\repository\io\rest-assured\rest-assured\5.5.5\rest-assured-5.5.5.jar;C:\Users\Shreyasu\.m2\repository\org\apache\groovy\groovy\4.0.22\groovy-4.0.22.jar;C:\Users\Shreyasu\.m2\repository\org\apache\groovy\groovy-xml\4.0.22\groovy-xml-4.0.22.jar;C:\Users\Shreyasu\.m2\repository\org\apache\httpcomponents\httpclient\4.5.13\httpclient-4.5.13.jar;C:\Users\Shreyasu\.m2\repository\org\apache\httpcomponents\httpcore\4.4.13\httpcore-4.4.13.jar;C:\Users\Shreyasu\.m2\repository\commons-logging\commons-logging\1.2\commons-logging-1.2.jar;C:\Users\Shreyasu\.m2\repository\org\apache\httpcomponents\httpmime\4.5.13\httpmime-4.5.13.jar;C:\Users\Shreyasu\.m2\repository\org\hamcrest\hamcrest\2.2\hamcrest-2.2.jar;C:\Users\Shreyasu\.m2\repository\org\ccil\cowan\tagsoup\tagsoup\1.2.1\tagsoup-1.2.1.jar;C:\Users\Shreyasu\.m2\repository\io\rest-assured\json-path\5.5.5\json-path-5.5.5.jar;C:\Users\Shreyasu\.m2\repository\org\apache\groovy\groovy-json\4.0.22\groovy-json-4.0.22.jar;C:\Users\Shreyasu\.m2\repository\io\rest-assured\rest-assured-common\5.5.5\rest-assured-common-5.5.5.jar;C:\Users\Shreyasu\.m2\repository\io\rest-assured\xml-path\5.5.5\xml-path-5.5.5.jar;"/>
    <property name="java.vm.vendor" value="Eclipse Adoptium"/>
    <property name="sun.arch.data.model" value="64"/>
    <property name="user.variant" value=""/>
    <property name="java.vendor.url" value="https://adoptium.net/"/>
    <property name="user.timezone" value="Europe/Berlin"/>
    <property name="os.name" value="Windows 11"/>
    <property name="java.vm.specification.version" value="21"/>
    <property name="sun.java.launcher" value="SUN_STANDARD"/>
    <property name="user.country" value="US"/>
    <property name="sun.boot.library.path" value="C:\Users\Shreyasu\.p2\pool\plugins\org.eclipse.justj.openjdk.hotspot.jre.full.win32.x86_64_21.0.7.v20250502-0916\jre\bin"/>
    <property name="sun.java.command" value="C:\Users\Shreyasu\AppData\Local\Temp\surefire11557060757551137659\surefirebooter-20250724110350311_3.jar C:\Users\Shreyasu\AppData\Local\Temp\surefire11557060757551137659 2025-07-24T11-03-50_211-jvmRun1 surefire-20250724110350311_1tmp surefire_0-20250724110350311_2tmp"/>
    <property name="jdk.debug" value="release"/>
    <property name="surefire.test.class.path" value="C:\Users\Shreyasu\Pooja\WebAutomation\RosemountTankMasterAT\target\test-classes;C:\Users\Shreyasu\Pooja\WebAutomation\RosemountTankMasterAT\target\classes;C:\Users\Shreyasu\.m2\repository\org\testng\testng\7.11.0\testng-7.11.0.jar;C:\Users\Shreyasu\.m2\repository\org\slf4j\slf4j-api\2.0.16\slf4j-api-2.0.16.jar;C:\Users\Shreyasu\.m2\repository\org\jcommander\jcommander\1.83\jcommander-1.83.jar;C:\Users\Shreyasu\.m2\repository\org\webjars\jquery\3.7.1\jquery-3.7.1.jar;C:\Users\Shreyasu\.m2\repository\org\seleniumhq\selenium\selenium-java\4.34.0\selenium-java-4.34.0.jar;C:\Users\Shreyasu\.m2\repository\org\seleniumhq\selenium\selenium-api\4.34.0\selenium-api-4.34.0.jar;C:\Users\Shreyasu\.m2\repository\org\jspecify\jspecify\1.0.0\jspecify-1.0.0.jar;C:\Users\Shreyasu\.m2\repository\org\seleniumhq\selenium\selenium-chrome-driver\4.34.0\selenium-chrome-driver-4.34.0.jar;C:\Users\Shreyasu\.m2\repository\com\google\auto\service\auto-service-annotations\1.1.1\auto-service-annotations-1.1.1.jar;C:\Users\Shreyasu\.m2\repository\org\seleniumhq\selenium\selenium-chromium-driver\4.34.0\selenium-chromium-driver-4.34.0.jar;C:\Users\Shreyasu\.m2\repository\org\seleniumhq\selenium\selenium-json\4.34.0\selenium-json-4.34.0.jar;C:\Users\Shreyasu\.m2\repository\org\seleniumhq\selenium\selenium-manager\4.34.0\selenium-manager-4.34.0.jar;C:\Users\Shreyasu\.m2\repository\org\seleniumhq\selenium\selenium-devtools-v136\4.34.0\selenium-devtools-v136-4.34.0.jar;C:\Users\Shreyasu\.m2\repository\org\seleniumhq\selenium\selenium-devtools-v137\4.34.0\selenium-devtools-v137-4.34.0.jar;C:\Users\Shreyasu\.m2\repository\org\seleniumhq\selenium\selenium-devtools-v138\4.34.0\selenium-devtools-v138-4.34.0.jar;C:\Users\Shreyasu\.m2\repository\org\seleniumhq\selenium\selenium-edge-driver\4.34.0\selenium-edge-driver-4.34.0.jar;C:\Users\Shreyasu\.m2\repository\org\seleniumhq\selenium\selenium-firefox-driver\4.34.0\selenium-firefox-driver-4.34.0.jar;C:\Users\Shreyasu\.m2\repository\org\seleniumhq\selenium\selenium-http\4.34.0\selenium-http-4.34.0.jar;C:\Users\Shreyasu\.m2\repository\org\seleniumhq\selenium\selenium-ie-driver\4.34.0\selenium-ie-driver-4.34.0.jar;C:\Users\Shreyasu\.m2\repository\org\seleniumhq\selenium\selenium-remote-driver\4.34.0\selenium-remote-driver-4.34.0.jar;C:\Users\Shreyasu\.m2\repository\com\google\guava\guava\33.4.8-jre\guava-33.4.8-jre.jar;C:\Users\Shreyasu\.m2\repository\com\google\guava\failureaccess\1.0.3\failureaccess-1.0.3.jar;C:\Users\Shreyasu\.m2\repository\com\google\guava\listenablefuture\9999.0-empty-to-avoid-conflict-with-guava\listenablefuture-9999.0-empty-to-avoid-conflict-with-guava.jar;C:\Users\Shreyasu\.m2\repository\com\google\j2objc\j2objc-annotations\3.0.0\j2objc-annotations-3.0.0.jar;C:\Users\Shreyasu\.m2\repository\io\opentelemetry\opentelemetry-api\1.51.0\opentelemetry-api-1.51.0.jar;C:\Users\Shreyasu\.m2\repository\io\opentelemetry\opentelemetry-context\1.51.0\opentelemetry-context-1.51.0.jar;C:\Users\Shreyasu\.m2\repository\io\opentelemetry\opentelemetry-exporter-logging\1.51.0\opentelemetry-exporter-logging-1.51.0.jar;C:\Users\Shreyasu\.m2\repository\io\opentelemetry\opentelemetry-sdk-common\1.51.0\opentelemetry-sdk-common-1.51.0.jar;C:\Users\Shreyasu\.m2\repository\io\opentelemetry\opentelemetry-sdk-extension-autoconfigure-spi\1.51.0\opentelemetry-sdk-extension-autoconfigure-spi-1.51.0.jar;C:\Users\Shreyasu\.m2\repository\io\opentelemetry\opentelemetry-sdk-extension-autoconfigure\1.51.0\opentelemetry-sdk-extension-autoconfigure-1.51.0.jar;C:\Users\Shreyasu\.m2\repository\io\opentelemetry\opentelemetry-sdk-trace\1.51.0\opentelemetry-sdk-trace-1.51.0.jar;C:\Users\Shreyasu\.m2\repository\io\opentelemetry\opentelemetry-sdk\1.51.0\opentelemetry-sdk-1.51.0.jar;C:\Users\Shreyasu\.m2\repository\io\opentelemetry\opentelemetry-sdk-metrics\1.51.0\opentelemetry-sdk-metrics-1.51.0.jar;C:\Users\Shreyasu\.m2\repository\io\opentelemetry\opentelemetry-sdk-logs\1.51.0\opentelemetry-sdk-logs-1.51.0.jar;C:\Users\Shreyasu\.m2\repository\net\bytebuddy\byte-buddy\1.17.6\byte-buddy-1.17.6.jar;C:\Users\Shreyasu\.m2\repository\org\seleniumhq\selenium\selenium-os\4.34.0\selenium-os-4.34.0.jar;C:\Users\Shreyasu\.m2\repository\org\apache\commons\commons-exec\1.5.0\commons-exec-1.5.0.jar;C:\Users\Shreyasu\.m2\repository\org\seleniumhq\selenium\selenium-safari-driver\4.34.0\selenium-safari-driver-4.34.0.jar;C:\Users\Shreyasu\.m2\repository\org\seleniumhq\selenium\selenium-support\4.34.0\selenium-support-4.34.0.jar;C:\Users\Shreyasu\.m2\repository\io\cucumber\cucumber-java\7.25.0\cucumber-java-7.25.0.jar;C:\Users\Shreyasu\.m2\repository\org\apiguardian\apiguardian-api\1.1.2\apiguardian-api-1.1.2.jar;C:\Users\Shreyasu\.m2\repository\io\cucumber\cucumber-core\7.25.0\cucumber-core-7.25.0.jar;C:\Users\Shreyasu\.m2\repository\io\cucumber\cucumber-gherkin\7.25.0\cucumber-gherkin-7.25.0.jar;C:\Users\Shreyasu\.m2\repository\io\cucumber\cucumber-gherkin-messages\7.25.0\cucumber-gherkin-messages-7.25.0.jar;C:\Users\Shreyasu\.m2\repository\io\cucumber\gherkin\33.0.0\gherkin-33.0.0.jar;C:\Users\Shreyasu\.m2\repository\io\cucumber\messages\28.0.0\messages-28.0.0.jar;C:\Users\Shreyasu\.m2\repository\io\cucumber\pretty-formatter\0.3.0\pretty-formatter-0.3.0.jar;C:\Users\Shreyasu\.m2\repository\io\cucumber\query\13.5.0\query-13.5.0.jar;C:\Users\Shreyasu\.m2\repository\io\cucumber\testng-xml-formatter\0.4.0\testng-xml-formatter-0.4.0.jar;C:\Users\Shreyasu\.m2\repository\io\cucumber\tag-expressions\6.1.2\tag-expressions-6.1.2.jar;C:\Users\Shreyasu\.m2\repository\io\cucumber\cucumber-expressions\18.0.1\cucumber-expressions-18.0.1.jar;C:\Users\Shreyasu\.m2\repository\io\cucumber\datatable\7.25.0\datatable-7.25.0.jar;C:\Users\Shreyasu\.m2\repository\io\cucumber\cucumber-plugin\7.25.0\cucumber-plugin-7.25.0.jar;C:\Users\Shreyasu\.m2\repository\io\cucumber\docstring\7.25.0\docstring-7.25.0.jar;C:\Users\Shreyasu\.m2\repository\io\cucumber\html-formatter\21.13.0\html-formatter-21.13.0.jar;C:\Users\Shreyasu\.m2\repository\io\cucumber\junit-xml-formatter\0.8.0\junit-xml-formatter-0.8.0.jar;C:\Users\Shreyasu\.m2\repository\io\cucumber\ci-environment\10.0.1\ci-environment-10.0.1.jar;C:\Users\Shreyasu\.m2\repository\io\cucumber\cucumber-testng\7.25.0\cucumber-testng-7.25.0.jar;C:\Users\Shreyasu\.m2\repository\io\cucumber\cucumber-html\0.2.7\cucumber-html-0.2.7.jar;C:\Users\Shreyasu\.m2\repository\io\github\bonigarcia\webdrivermanager\6.1.0\webdrivermanager-6.1.0.jar;C:\Users\Shreyasu\.m2\repository\com\google\code\gson\gson\2.13.0\gson-2.13.0.jar;C:\Users\Shreyasu\.m2\repository\com\google\errorprone\error_prone_annotations\2.37.0\error_prone_annotations-2.37.0.jar;C:\Users\Shreyasu\.m2\repository\com\github\docker-java\docker-java\3.5.0\docker-java-3.5.0.jar;C:\Users\Shreyasu\.m2\repository\com\github\docker-java\docker-java-core\3.5.0\docker-java-core-3.5.0.jar;C:\Users\Shreyasu\.m2\repository\com\github\docker-java\docker-java-api\3.5.0\docker-java-api-3.5.0.jar;C:\Users\Shreyasu\.m2\repository\com\fasterxml\jackson\core\jackson-annotations\2.18.3\jackson-annotations-2.18.3.jar;C:\Users\Shreyasu\.m2\repository\com\fasterxml\jackson\core\jackson-databind\2.18.3\jackson-databind-2.18.3.jar;C:\Users\Shreyasu\.m2\repository\com\fasterxml\jackson\core\jackson-core\2.18.3\jackson-core-2.18.3.jar;C:\Users\Shreyasu\.m2\repository\org\slf4j\jcl-over-slf4j\1.7.30\jcl-over-slf4j-1.7.30.jar;C:\Users\Shreyasu\.m2\repository\com\github\docker-java\docker-java-transport-httpclient5\3.5.0\docker-java-transport-httpclient5-3.5.0.jar;C:\Users\Shreyasu\.m2\repository\com\github\docker-java\docker-java-transport\3.5.0\docker-java-transport-3.5.0.jar;C:\Users\Shreyasu\.m2\repository\net\java\dev\jna\jna\5.17.0\jna-5.17.0.jar;C:\Users\Shreyasu\.m2\repository\org\brotli\dec\0.1.2\dec-0.1.2.jar;C:\Users\Shreyasu\.m2\repository\org\apache\commons\commons-lang3\3.17.0\commons-lang3-3.17.0.jar;C:\Users\Shreyasu\.m2\repository\org\apache\commons\commons-compress\1.27.1\commons-compress-1.27.1.jar;C:\Users\Shreyasu\.m2\repository\commons-codec\commons-codec\1.17.1\commons-codec-1.17.1.jar;C:\Users\Shreyasu\.m2\repository\commons-io\commons-io\2.16.1\commons-io-2.16.1.jar;C:\Users\Shreyasu\.m2\repository\org\apache\httpcomponents\client5\httpclient5\5.4.3\httpclient5-5.4.3.jar;C:\Users\Shreyasu\.m2\repository\org\apache\httpcomponents\core5\httpcore5\5.3.4\httpcore5-5.3.4.jar;C:\Users\Shreyasu\.m2\repository\org\apache\httpcomponents\core5\httpcore5-h2\5.3.4\httpcore5-h2-5.3.4.jar;C:\Users\Shreyasu\.m2\repository\net\java\dev\jna\jna-platform\5.13.0\jna-platform-5.13.0.jar;C:\Users\Shreyasu\.m2\repository\io\rest-assured\rest-assured\5.5.5\rest-assured-5.5.5.jar;C:\Users\Shreyasu\.m2\repository\org\apache\groovy\groovy\4.0.22\groovy-4.0.22.jar;C:\Users\Shreyasu\.m2\repository\org\apache\groovy\groovy-xml\4.0.22\groovy-xml-4.0.22.jar;C:\Users\Shreyasu\.m2\repository\org\apache\httpcomponents\httpclient\4.5.13\httpclient-4.5.13.jar;C:\Users\Shreyasu\.m2\repository\org\apache\httpcomponents\httpcore\4.4.13\httpcore-4.4.13.jar;C:\Users\Shreyasu\.m2\repository\commons-logging\commons-logging\1.2\commons-logging-1.2.jar;C:\Users\Shreyasu\.m2\repository\org\apache\httpcomponents\httpmime\4.5.13\httpmime-4.5.13.jar;C:\Users\Shreyasu\.m2\repository\org\hamcrest\hamcrest\2.2\hamcrest-2.2.jar;C:\Users\Shreyasu\.m2\repository\org\ccil\cowan\tagsoup\tagsoup\1.2.1\tagsoup-1.2.1.jar;C:\Users\Shreyasu\.m2\repository\io\rest-assured\json-path\5.5.5\json-path-5.5.5.jar;C:\Users\Shreyasu\.m2\repository\org\apache\groovy\groovy-json\4.0.22\groovy-json-4.0.22.jar;C:\Users\Shreyasu\.m2\repository\io\rest-assured\rest-assured-common\5.5.5\rest-assured-common-5.5.5.jar;C:\Users\Shreyasu\.m2\repository\io\rest-assured\xml-path\5.5.5\xml-path-5.5.5.jar;"/>
    <property name="sun.cpu.endian" value="little"/>
    <property name="user.home" value="C:\Users\Shreyasu"/>
    <property name="user.language" value="en"/>
    <property name="java.specification.vendor" value="Oracle Corporation"/>
    <property name="java.version.date" value="2025-04-15"/>
    <property name="java.home" value="C:\Users\Shreyasu\.p2\pool\plugins\org.eclipse.justj.openjdk.hotspot.jre.full.win32.x86_64_21.0.7.v20250502-0916\jre"/>
    <property name="file.separator" value="\"/>
    <property name="basedir" value="C:\Users\Shreyasu\Pooja\WebAutomation\RosemountTankMasterAT"/>
    <property name="style.color" value="always"/>
    <property name="java.vm.compressedOopsMode" value="Zero based"/>
    <property name="line.separator" value="&#10;"/>
    <property name="java.vm.specification.vendor" value="Oracle Corporation"/>
    <property name="java.specification.name" value="Java Platform API Specification"/>
    <property name="surefire.real.class.path" value="C:\Users\Shreyasu\AppData\Local\Temp\surefire11557060757551137659\surefirebooter-20250724110350311_3.jar"/>
    <property name="user.script" value=""/>
    <property name="sun.management.compiler" value="HotSpot 64-Bit Tiered Compilers"/>
    <property name="java.runtime.version" value="21.0.7+6-LTS"/>
    <property name="user.name" value="Shreyasu"/>
    <property name="stdout.encoding" value="Cp1252"/>
    <property name="path.separator" value=";"/>
    <property name="os.version" value="10.0"/>
    <property name="java.runtime.name" value="OpenJDK Runtime Environment"/>
    <property name="file.encoding" value="UTF-8"/>
    <property name="java.vm.name" value="OpenJDK 64-Bit Server VM"/>
    <property name="java.vendor.version" value="Temurin-21.0.7+6"/>
    <property name="localRepository" value="C:\Users\Shreyasu\.m2\repository"/>
    <property name="java.vendor.url.bug" value="https://github.com/adoptium/adoptium-support/issues"/>
    <property name="java.io.tmpdir" value="C:\Users\Shreyasu\AppData\Local\Temp\"/>
    <property name="java.version" value="21.0.7"/>
    <property name="user.dir" value="C:\Users\Shreyasu\Pooja\WebAutomation\RosemountTankMasterAT"/>
    <property name="os.arch" value="amd64"/>
    <property name="java.vm.specification.name" value="Java Virtual Machine Specification"/>
    <property name="sun.os.patch.level" value=""/>
    <property name="native.encoding" value="Cp1252"/>
    <property name="java.library.path" value="C:\Users\Shreyasu\.p2\pool\plugins\org.eclipse.justj.openjdk.hotspot.jre.full.win32.x86_64_21.0.7.v20250502-0916\jre\bin;C:\WINDOWS\Sun\Java\bin;C:\WINDOWS\system32;C:\WINDOWS;C:/Users/Shreyasu/.p2/pool/plugins/org.eclipse.justj.openjdk.hotspot.jre.full.win32.x86_64_21.0.7.v20250502-0916/jre/bin/server;C:/Users/Shreyasu/.p2/pool/plugins/org.eclipse.justj.openjdk.hotspot.jre.full.win32.x86_64_21.0.7.v20250502-0916/jre/bin;C:\Program Files\Common Files\Oracle\Java\javapath;C:\WINDOWS\system32;C:\WINDOWS;C:\WINDOWS\System32\Wbem;C:\WINDOWS\System32\WindowsPowerShell\v1.0\;C:\WINDOWS\System32\OpenSSH\;C:\Program Files\dotnet\;C:\Program Files\nodejs\node_modules;C:\Program Files\Git\cmd;C:\Program Files\Java\jdk-21\bin;C:\Program Files\nodejs\;C:\Users\Shreyasu\AppData\Local\Programs\Python\Python313\Scripts\;C:\Users\Shreyasu\AppData\Local\Programs\Python\Python313\;C:\Users\Shreyasu\AppData\Local\Programs\Python\Launcher\;C:\Users\Shreyasu\AppData\Local\Microsoft\WindowsApps;C:\Program Files\JetBrains\PyCharm Community Edition 2025.1.2\bin;;C:\Users\Shreyasu\AppData\Local\Programs\Microsoft VS Code\bin;C:\Users\Shreyasu\AppData\Roaming\npm;C:\WINDOWS\system32;;."/>
    <property name="java.vm.info" value="mixed mode, sharing"/>
    <property name="stderr.encoding" value="Cp1252"/>
    <property name="java.vendor" value="Eclipse Adoptium"/>
    <property name="java.vm.version" value="21.0.7+6-LTS"/>
    <property name="sun.io.unicode.encoding" value="UnicodeLittle"/>
    <property name="java.class.version" value="65.0"/>
  </properties>
  <testcase name="runScenario[&quot;Verify the response of TankMaster API&quot;, &quot;Verify the response of Rosemount TankMaster Demo WebApplication&quot;](1)" classname="com.bdd.runner.TestRunner" time="3.136">
    <system-out><![CDATA[=== Starting test suite ===
=== Starting test suite ===

@apitests
Scenario: Verify the response of TankMaster API                                        # file:///C:/Users/Shreyasu/Pooja/WebAutomation/RosemountTankMasterAT/src/test/resources/features/APITests.feature:4
Starting scenario: Verify the response of TankMaster API
  ✔ Given the TankMaster API endpoint is "https://tankmastermobiledemo.rosemount.com/" # com.bdd.stepdefinitions.APITestsSteps.the_tank_master_api_endpoint_is(java.lang.String)

        Embedding Verify the response of TankMaster API-4 [image/png 8352 bytes]

  ✔ When I send a GET request to the TankMaster API                                    # com.bdd.stepdefinitions.APITestsSteps.i_send_a_get_request_to_the_tank_master_api()

        Embedding Verify the response of TankMaster API-4 [image/png 8352 bytes]

  ✔ Then the response status code should be 403                                        # com.bdd.stepdefinitions.APITestsSteps.the_response_status_code_should_be(java.lang.Integer)

        Embedding Verify the response of TankMaster API-4 [image/png 8352 bytes]

Finished scenario: Verify the response of TankMaster API - Status: PASSED
]]></system-out>
    <system-err><![CDATA[SLF4J(W): No SLF4J providers were found.
SLF4J(W): Defaulting to no-operation (NOP) logger implementation
SLF4J(W): See https://www.slf4j.org/codes.html#noProviders for further details.
]]></system-err>
  </testcase>
  <testcase name="runScenario[&quot;Verify OverviewPage Tab contains all sections&quot;, &quot;Verify functionalities in OverviewPage&quot;](2)" classname="com.bdd.runner.TestRunner" time="18.271">
    <system-out><![CDATA[
@overviewpagetest @testcase1
Scenario: Verify OverviewPage Tab contains all sections           # file:///C:/Users/Shreyasu/Pooja/WebAutomation/RosemountTankMasterAT/src/test/resources/features/OverViewPageFunctionalities.feature:7
Starting scenario: Verify OverviewPage Tab contains all sections
  ✔ Given User is SignedIn to RosemountTankMaster Page            # com.bdd.stepdefinitions.LoginSteps.user_is_signedIn_to_rosemounttankMaster_page()

        Embedding Verify OverviewPage Tab contains all sections-7 [image/png 33987 bytes]

  ✔ When I click on the "Overview" tab                            # com.bdd.stepdefinitions.CommonSteps.i_click_on_the_tab(java.lang.String)

        Embedding Verify OverviewPage Tab contains all sections-7 [image/png 66219 bytes]

  ✔ Then I should see the 5 header tabs                           # com.bdd.stepdefinitions.StepDefinations.i_should_see_the_header_tabs(java.lang.Integer)

        Embedding Verify OverviewPage Tab contains all sections-7 [image/png 61551 bytes]

All tanks are displayed.
  ✔ Then I verify the alltanks are displayed                      # com.bdd.stepdefinitions.StepDefinations.i_verify_the_alltanks_are_displayed()

        Embedding Verify OverviewPage Tab contains all sections-7 [image/png 90369 bytes]

  ✔ Then I verify number of tanks are 20                          # com.bdd.stepdefinitions.StepDefinations.i_verify_number_of_tanks_are(java.lang.Integer)

        Embedding Verify OverviewPage Tab contains all sections-7 [image/png 90369 bytes]

  ✔ Then I verify the level of all the tanks is greater than zero # com.bdd.stepdefinitions.StepDefinations.i_verify_the_level_of_all_the_tanks_is_greater_than_zero()

        Embedding Verify OverviewPage Tab contains all sections-7 [image/png 90369 bytes]

  ✔ Then I verify the FWL of all the tanks is 0.200 m             # com.bdd.stepdefinitions.StepDefinations.i_verify_the_fwl_of_all_the_tanks_is_m(java.lang.Double)

        Embedding Verify OverviewPage Tab contains all sections-7 [image/png 90369 bytes]

  ✔ Then I verify the TOV of all the tanks is greater than zero   # com.bdd.stepdefinitions.StepDefinations.i_verify_the_tov_of_all_the_tanks_is_greater_than_zero()

        Embedding Verify OverviewPage Tab contains all sections-7 [image/png 90369 bytes]

Finished scenario: Verify OverviewPage Tab contains all sections - Status: PASSED
]]></system-out>
  </testcase>
  <testcase name="runScenario[&quot;Verify user can navigate to all the tabs from Overview tab&quot;, &quot;Verify functionalities in OverviewPage&quot;](3)" classname="com.bdd.runner.TestRunner" time="12.96">
    <system-out><![CDATA[
@overviewpagetest @testcase2
Scenario: Verify user can navigate to all the tabs from Overview tab # file:///C:/Users/Shreyasu/Pooja/WebAutomation/RosemountTankMasterAT/src/test/resources/features/OverViewPageFunctionalities.feature:18
Starting scenario: Verify user can navigate to all the tabs from Overview tab
  ✔ Given User is SignedIn to RosemountTankMaster Page               # com.bdd.stepdefinitions.LoginSteps.user_is_signedIn_to_rosemounttankMaster_page()

        Embedding Verify user can navigate to all the tabs from Overview tab-18 [image/png 33987 bytes]

  ✔ When I click on the "Movement" tab                               # com.bdd.stepdefinitions.CommonSteps.i_click_on_the_tab(java.lang.String)

        Embedding Verify user can navigate to all the tabs from Overview tab-18 [image/png 25944 bytes]

  ✔ Then I should navigate to "movement" page                        # com.bdd.stepdefinitions.CommonSteps.i_should_navigate_to_page(java.lang.String)

        Embedding Verify user can navigate to all the tabs from Overview tab-18 [image/png 25944 bytes]

  ✔ When I click on the "Watchlist" tab                              # com.bdd.stepdefinitions.CommonSteps.i_click_on_the_tab(java.lang.String)

        Embedding Verify user can navigate to all the tabs from Overview tab-18 [image/png 27492 bytes]

  ✔ Then I should navigate to "watchlist" page                       # com.bdd.stepdefinitions.CommonSteps.i_should_navigate_to_page(java.lang.String)

        Embedding Verify user can navigate to all the tabs from Overview tab-18 [image/png 27492 bytes]

  ✔ When I click on the "Inventory" tab                              # com.bdd.stepdefinitions.CommonSteps.i_click_on_the_tab(java.lang.String)

        Embedding Verify user can navigate to all the tabs from Overview tab-18 [image/png 58236 bytes]

  ✔ Then I should navigate to "inventory" page                       # com.bdd.stepdefinitions.CommonSteps.i_should_navigate_to_page(java.lang.String)

        Embedding Verify user can navigate to all the tabs from Overview tab-18 [image/png 58236 bytes]

  ✔ When I click on the "Reports" tab                                # com.bdd.stepdefinitions.CommonSteps.i_click_on_the_tab(java.lang.String)

        Embedding Verify user can navigate to all the tabs from Overview tab-18 [image/png 43782 bytes]

  ✔ Then I should navigate to "reports" page                         # com.bdd.stepdefinitions.CommonSteps.i_should_navigate_to_page(java.lang.String)

        Embedding Verify user can navigate to all the tabs from Overview tab-18 [image/png 49461 bytes]

Finished scenario: Verify user can navigate to all the tabs from Overview tab - Status: PASSED
]]></system-out>
  </testcase>
  <testcase name="runScenario[&quot;Verify count of movement tanks matches in all tanks and movement page&quot;, &quot;Verify functionalities in OverviewPage&quot;](4)" classname="com.bdd.runner.TestRunner" time="13.95">
    <system-out><![CDATA[
@overviewpagetest @testcase3
Scenario: Verify count of movement tanks matches in all tanks and movement page # file:///C:/Users/Shreyasu/Pooja/WebAutomation/RosemountTankMasterAT/src/test/resources/features/OverViewPageFunctionalities.feature:29
Starting scenario: Verify count of movement tanks matches in all tanks and movement page
  ✔ Given User is SignedIn to RosemountTankMaster Page                          # com.bdd.stepdefinitions.LoginSteps.user_is_signedIn_to_rosemounttankMaster_page()

        Embedding Verify count of movement tanks matches in all tanks and movement page-29 [image/png 33987 bytes]

  ✔ When I click on the "Overview" tab                                          # com.bdd.stepdefinitions.CommonSteps.i_click_on_the_tab(java.lang.String)

        Embedding Verify count of movement tanks matches in all tanks and movement page-29 [image/png 69030 bytes]

Number of tanks in movement in all tanks page: 10
  ✔ Then I verify the number of movement tanks in AllTanks tab                  # com.bdd.stepdefinitions.StepDefinations.i_verify_the_number_of_movement_tanks_in_all_tanks_tab()

        Embedding Verify count of movement tanks matches in all tanks and movement page-29 [image/png 89175 bytes]

  ✔ When I click on the "Movement" tab                                          # com.bdd.stepdefinitions.CommonSteps.i_click_on_the_tab(java.lang.String)

        Embedding Verify count of movement tanks matches in all tanks and movement page-29 [image/png 25917 bytes]

Number of tanks in movement in all tanks page: 10
Number of tanks in movement in movement page: 10
  ✔ Then I verify the number of tanks in movement page                          # com.bdd.stepdefinitions.StepDefinations.i_verify_the_number_of_tanks_in_movement_page()

        Embedding Verify count of movement tanks matches in all tanks and movement page-29 [image/png 70587 bytes]

  ✔ Then I verify the flowrate of all the tanks is non zero                     # com.bdd.stepdefinitions.StepDefinations.i_verify_the_flowrate_of_all_the_tanks_is_non_zero()

        Embedding Verify count of movement tanks matches in all tanks and movement page-29 [image/png 62718 bytes]

Finished scenario: Verify count of movement tanks matches in all tanks and movement page - Status: PASSED
]]></system-out>
  </testcase>
  <testcase name="runScenario[&quot;Verify the flow rate of all the tanks and matches the arrow right direction&quot;, &quot;Verify functionalities in OverviewPage&quot;](5)" classname="com.bdd.runner.TestRunner" time="12.425">
    <system-out><![CDATA[
@overviewpagetest @testcase4
Scenario: Verify the flow rate of all the tanks and matches the arrow right direction # file:///C:/Users/Shreyasu/Pooja/WebAutomation/RosemountTankMasterAT/src/test/resources/features/OverViewPageFunctionalities.feature:37
Starting scenario: Verify the flow rate of all the tanks and matches the arrow right direction
  ✔ Given User is SignedIn to RosemountTankMaster Page                                # com.bdd.stepdefinitions.LoginSteps.user_is_signedIn_to_rosemounttankMaster_page()

        Embedding Verify the flow rate of all the tanks and matches the arrow right direction-37 [image/png 33987 bytes]

  ✔ Given I am on the OverviewPage                                                    # com.bdd.stepdefinitions.StepDefinations.i_am_on_the_overview_page()

        Embedding Verify the flow rate of all the tanks and matches the arrow right direction-37 [image/png 65838 bytes]

  ✔ When I click on the "Movement" tab                                                # com.bdd.stepdefinitions.CommonSteps.i_click_on_the_tab(java.lang.String)

        Embedding Verify the flow rate of all the tanks and matches the arrow right direction-37 [image/png 25899 bytes]

  ✔ Then I verify the the flow rate of all the tanks and matches the arrow direction  # com.bdd.stepdefinitions.StepDefinations.i_verify_the_the_flow_rate_of_all_the_tanks_and_matches_the_arrow_direction()

        Embedding Verify the flow rate of all the tanks and matches the arrow right direction-37 [image/png 62610 bytes]

Finished scenario: Verify the flow rate of all the tanks and matches the arrow right direction - Status: PASSED
]]></system-out>
  </testcase>
  <testcase name="runScenario[&quot;Verify Tanks can be added to Watchlist&quot;, &quot;Verify functionalities in OverviewPage&quot;](6)" classname="com.bdd.runner.TestRunner" time="11.601">
    <system-out><![CDATA[
@overviewpagetest @testcase5
Scenario: Verify Tanks can be added to Watchlist       # file:///C:/Users/Shreyasu/Pooja/WebAutomation/RosemountTankMasterAT/src/test/resources/features/OverViewPageFunctionalities.feature:43
Starting scenario: Verify Tanks can be added to Watchlist
  ✔ Given User is SignedIn to RosemountTankMaster Page # com.bdd.stepdefinitions.LoginSteps.user_is_signedIn_to_rosemounttankMaster_page()

        Embedding Verify Tanks can be added to Watchlist-43 [image/png 33987 bytes]

  ✔ Given I am on the OverviewPage                     # com.bdd.stepdefinitions.StepDefinations.i_am_on_the_overview_page()

        Embedding Verify Tanks can be added to Watchlist-43 [image/png 63015 bytes]

  ✔ When I click the star icon for "TK-110"            # com.bdd.stepdefinitions.CommonSteps.i_click_the_star_icon_for(java.lang.String)

        Embedding Verify Tanks can be added to Watchlist-43 [image/png 62949 bytes]

  ✔ When I click on the "WatchList" tab                # com.bdd.stepdefinitions.CommonSteps.i_click_on_the_tab(java.lang.String)

        Embedding Verify Tanks can be added to Watchlist-43 [image/png 33336 bytes]

  ✔ Then "TK-110" should appear in my watchlist        # com.bdd.stepdefinitions.StepDefinations.should_appear_in_my_watchlist(java.lang.String)

        Embedding Verify Tanks can be added to Watchlist-43 [image/png 33336 bytes]

  ✔ When I click on the "Overview" tab                 # com.bdd.stepdefinitions.CommonSteps.i_click_on_the_tab(java.lang.String)

        Embedding Verify Tanks can be added to Watchlist-43 [image/png 87822 bytes]

  ✔ When I click the star icon for "TK-102"            # com.bdd.stepdefinitions.CommonSteps.i_click_the_star_icon_for(java.lang.String)

        Embedding Verify Tanks can be added to Watchlist-43 [image/png 93486 bytes]

  ✔ When I click on the "WatchList" tab                # com.bdd.stepdefinitions.CommonSteps.i_click_on_the_tab(java.lang.String)

        Embedding Verify Tanks can be added to Watchlist-43 [image/png 37593 bytes]

  ✔ Then "TK-102" should appear in my watchlist        # com.bdd.stepdefinitions.StepDefinations.should_appear_in_my_watchlist(java.lang.String)

        Embedding Verify Tanks can be added to Watchlist-43 [image/png 37593 bytes]

Finished scenario: Verify Tanks can be added to Watchlist - Status: PASSED
]]></system-out>
  </testcase>
  <testcase name="runScenario[&quot;Verify user can go to Tank details page and navigate in tankdetails page&quot;, &quot;Verify functionalities in OverviewPage&quot;](7)" classname="com.bdd.runner.TestRunner" time="11.145">
    <system-out><![CDATA[
@overviewpagetest @testcase6
Scenario: Verify user can go to Tank details page and navigate in tankdetails page # file:///C:/Users/Shreyasu/Pooja/WebAutomation/RosemountTankMasterAT/src/test/resources/features/OverViewPageFunctionalities.feature:54
Starting scenario: Verify user can go to Tank details page and navigate in tankdetails page
  ✔ Given User is SignedIn to RosemountTankMaster Page                             # com.bdd.stepdefinitions.LoginSteps.user_is_signedIn_to_rosemounttankMaster_page()

        Embedding Verify user can go to Tank details page and navigate in tankdetails page-54 [image/png 33987 bytes]

  ✔ Given I am on the OverviewPage                                                 # com.bdd.stepdefinitions.StepDefinations.i_am_on_the_overview_page()

        Embedding Verify user can go to Tank details page and navigate in tankdetails page-54 [image/png 65409 bytes]

  ✔ When I click the "TK-103" container                                            # com.bdd.stepdefinitions.CommonSteps.i_click_the_container(java.lang.String)

        Embedding Verify user can go to Tank details page and navigate in tankdetails page-54 [image/png 71433 bytes]

  ✔ Then I verify tank container is expanded with details                          # com.bdd.stepdefinitions.StepDefinations.i_verify_tank_container_is_expanded_with_details()

        Embedding Verify user can go to Tank details page and navigate in tankdetails page-54 [image/png 71460 bytes]

  ✔ Then I verify details link is displayed                                        # com.bdd.stepdefinitions.StepDefinations.i_verify_details_link_is_displayed()

        Embedding Verify user can go to Tank details page and navigate in tankdetails page-54 [image/png 71541 bytes]

  ✔ Then I verify Note link is displayed                                           # com.bdd.stepdefinitions.StepDefinations.i_verify_note_link_is_displayed()

        Embedding Verify user can go to Tank details page and navigate in tankdetails page-54 [image/png 71448 bytes]

  ✔ When I click on the Details button                                             # com.bdd.stepdefinitions.StepDefinations.i_click_on_the_details_button()

        Embedding Verify user can go to Tank details page and navigate in tankdetails page-54 [image/png 41307 bytes]

  ✔ Then I should navigate to tankdetails page                                     # com.bdd.stepdefinitions.StepDefinations.i_should_navigate_to_tankdetails_page()

        Embedding Verify user can go to Tank details page and navigate in tankdetails page-54 [image/png 53370 bytes]

  ✔ When I click on "Inventory" button in tankdetails page                         # com.bdd.stepdefinitions.StepDefinations.i_click_on_button_in_tankdetails_page(java.lang.String)

        Embedding Verify user can go to Tank details page and navigate in tankdetails page-54 [image/png 102693 bytes]

  ✔ Then I verify "Inventory" details displayed                                    # com.bdd.stepdefinitions.StepDefinations.i_verify_details_displayed(java.lang.String)

        Embedding Verify user can go to Tank details page and navigate in tankdetails page-54 [image/png 107298 bytes]

  ✔ When I click on "Level" button in tankdetails page                             # com.bdd.stepdefinitions.StepDefinations.i_click_on_button_in_tankdetails_page(java.lang.String)

        Embedding Verify user can go to Tank details page and navigate in tankdetails page-54 [image/png 75324 bytes]

  ✔ Then I verify "Level" details displayed                                        # com.bdd.stepdefinitions.StepDefinations.i_verify_details_displayed(java.lang.String)

        Embedding Verify user can go to Tank details page and navigate in tankdetails page-54 [image/png 75324 bytes]

  ✔ When I click on "TemperaturePressure" button in tankdetails page               # com.bdd.stepdefinitions.StepDefinations.i_click_on_button_in_tankdetails_page(java.lang.String)

        Embedding Verify user can go to Tank details page and navigate in tankdetails page-54 [image/png 73455 bytes]

  ✔ Then I verify "TemperaturePressure" details displayed                          # com.bdd.stepdefinitions.StepDefinations.i_verify_details_displayed(java.lang.String)

        Embedding Verify user can go to Tank details page and navigate in tankdetails page-54 [image/png 73455 bytes]

  ✔ When I click on "AlarmLimits" button in tankdetails page                       # com.bdd.stepdefinitions.StepDefinations.i_click_on_button_in_tankdetails_page(java.lang.String)

        Embedding Verify user can go to Tank details page and navigate in tankdetails page-54 [image/png 65784 bytes]

  ✔ Then I verify "AlarmLimits" details displayed                                  # com.bdd.stepdefinitions.StepDefinations.i_verify_details_displayed(java.lang.String)

        Embedding Verify user can go to Tank details page and navigate in tankdetails page-54 [image/png 65784 bytes]

Finished scenario: Verify user can go to Tank details page and navigate in tankdetails page - Status: PASSED
]]></system-out>
  </testcase>
  <testcase name="runScenario[&quot;Verify the functionality of note in Tanks in overview page&quot;, &quot;Verify functionalities in OverviewPage&quot;](8)" classname="com.bdd.runner.TestRunner" time="26.659">
    <system-out><![CDATA[
@overviewpagetest @testcase7
Scenario: Verify the functionality of note in Tanks in overview page # file:///C:/Users/Shreyasu/Pooja/WebAutomation/RosemountTankMasterAT/src/test/resources/features/OverViewPageFunctionalities.feature:72
Starting scenario: Verify the functionality of note in Tanks in overview page
  ✔ Given User is SignedIn to RosemountTankMaster Page               # com.bdd.stepdefinitions.LoginSteps.user_is_signedIn_to_rosemounttankMaster_page()

        Embedding Verify the functionality of note in Tanks in overview page-72 [image/png 33987 bytes]

  ✔ Given I am on the OverviewPage                                   # com.bdd.stepdefinitions.StepDefinations.i_am_on_the_overview_page()

        Embedding Verify the functionality of note in Tanks in overview page-72 [image/png 28026 bytes]

  ✔ When I click the "TK-111" container                              # com.bdd.stepdefinitions.CommonSteps.i_click_the_container(java.lang.String)

        Embedding Verify the functionality of note in Tanks in overview page-72 [image/png 68181 bytes]

  ✔ Then I verify tank container is expanded with details            # com.bdd.stepdefinitions.StepDefinations.i_verify_tank_container_is_expanded_with_details()

        Embedding Verify the functionality of note in Tanks in overview page-72 [image/png 106266 bytes]

  ✔ Then I verify Note link is displayed                             # com.bdd.stepdefinitions.StepDefinations.i_verify_note_link_is_displayed()

        Embedding Verify the functionality of note in Tanks in overview page-72 [image/png 106266 bytes]

  ✔ When I click on the Note button                                  # com.bdd.stepdefinitions.StepDefinations.i_click_on_the_note_button()

        Embedding Verify the functionality of note in Tanks in overview page-72 [image/png 100884 bytes]

  ✔ When I type "Updating Note in Tank details" in the Note          # com.bdd.stepdefinitions.StepDefinations.i_type_in_the_note(java.lang.String)

        Embedding Verify the functionality of note in Tanks in overview page-72 [image/png 96420 bytes]

  ✔ When I click on the "save" button in Note                        # com.bdd.stepdefinitions.StepDefinations.i_click_on_the_button_in_note(java.lang.String)

        Embedding Verify the functionality of note in Tanks in overview page-72 [image/png 107091 bytes]

  ✔ Then I verify note icon is displayed                             # com.bdd.stepdefinitions.StepDefinations.i_verify_note_icon_is_displayed()

        Embedding Verify the functionality of note in Tanks in overview page-72 [image/png 107208 bytes]

  ✔ When I click on the Note button                                  # com.bdd.stepdefinitions.StepDefinations.i_click_on_the_note_button()

        Embedding Verify the functionality of note in Tanks in overview page-72 [image/png 99108 bytes]

  ✔ When I click on the "clearNote" button in Note                   # com.bdd.stepdefinitions.StepDefinations.i_click_on_the_button_in_note(java.lang.String)

        Embedding Verify the functionality of note in Tanks in overview page-72 [image/png 94578 bytes]

  ✔ And I click on the "save" button in Note                         # com.bdd.stepdefinitions.StepDefinations.i_click_on_the_button_in_note(java.lang.String)

        Embedding Verify the functionality of note in Tanks in overview page-72 [image/png 107916 bytes]

  ✔ When I click on the Note button                                  # com.bdd.stepdefinitions.StepDefinations.i_click_on_the_note_button()

        Embedding Verify the functionality of note in Tanks in overview page-72 [image/png 102117 bytes]

  ✔ Then I verify "" is displayed in the Note                        # com.bdd.stepdefinitions.StepDefinations.i_verify_is_displayed_in_the_note(java.lang.String)

        Embedding Verify the functionality of note in Tanks in overview page-72 [image/png 95157 bytes]

  ✔ When I click on the "cancel" button in Note                      # com.bdd.stepdefinitions.StepDefinations.i_click_on_the_button_in_note(java.lang.String)

        Embedding Verify the functionality of note in Tanks in overview page-72 [image/png 90411 bytes]

Finished scenario: Verify the functionality of note in Tanks in overview page - Status: PASSED
]]></system-out>
  </testcase>
  <testcase name="runScenario[&quot;Successful login with valid credentials&quot;, &quot;Verify the login functionality of the Rosemount Tank Master application&quot;](9)" classname="com.bdd.runner.TestRunner" time="8.212">
    <system-out><![CDATA[
@logintest
Scenario: Successful login with valid credentials           # file:///C:/Users/Shreyasu/Pooja/WebAutomation/RosemountTankMasterAT/src/test/resources/features/login.feature:7
Starting scenario: Successful login with valid credentials
  ✔ Given the user is on the login page                     # com.bdd.stepdefinitions.LoginSteps.the_user_is_on_the_login_page()

        Embedding Successful login with valid credentials-7 [image/png 33987 bytes]

  ✔ When the user enters a valid username and password      # com.bdd.stepdefinitions.LoginSteps.the_user_enters_a_valid_username_and_password()

        Embedding Successful login with valid credentials-7 [image/png 42771 bytes]

  ✔ When clicks the login button                            # com.bdd.stepdefinitions.LoginSteps.clicks_the_login_button()

        Embedding Successful login with valid credentials-7 [image/png 33987 bytes]

  ✔ Then the user should be redirected to the overview page # com.bdd.stepdefinitions.StepDefinations.the_user_should_be_redirected_to_the_overview_page()

        Embedding Successful login with valid credentials-7 [image/png 70158 bytes]

Finished scenario: Successful login with valid credentials - Status: PASSED
]]></system-out>
  </testcase>
</testsuite>