<?xml version="1.0" encoding="UTF-8"?>
<!-- Generated by org.testng.reporters.JUnitReportReporter -->
<testsuite hostname="Shreyu" failures="0" tests="1" name="Testsample2" time="0.006" errors="0" timestamp="2025-07-18T20:03:30 CEST" skipped="0">
  <testcase classname="Testsample2" name="test1" time="0.006"/>
</testsuite> <!-- Testsample2 -->
