<?xml version="1.0" encoding="UTF-8"?>
<!-- Generated by org.testng.reporters.JUnitReportReporter -->
<testsuite hostname="Shreyu" failures="0" tests="9" name="com.bdd.runner.TestRunner" time="118.361" errors="0" timestamp="2025-07-24T11:05:49 CEST" skipped="0">
  <testcase classname="com.bdd.runner.TestRunner" name="runScenario" time="12.960"/>
  <testcase classname="com.bdd.runner.TestRunner" name="runScenario" time="26.659"/>
  <testcase classname="com.bdd.runner.TestRunner" name="runScenario" time="11.146"/>
  <testcase classname="com.bdd.runner.TestRunner" name="runScenario" time="12.426"/>
  <testcase classname="com.bdd.runner.TestRunner" name="runScenario" time="3.135"/>
  <testcase classname="com.bdd.runner.TestRunner" name="runScenario" time="11.601"/>
  <testcase classname="com.bdd.runner.TestRunner" name="runScenario" time="8.212"/>
  <testcase classname="com.bdd.runner.TestRunner" name="runScenario" time="18.272"/>
  <testcase classname="com.bdd.runner.TestRunner" name="runScenario" time="13.950"/>
</testsuite> <!-- com.bdd.runner.TestRunner -->
