<?xml version="1.0" encoding="UTF-8"?>
<!-- Generated by org.testng.reporters.JUnitReportReporter -->
<testsuite hostname="Shreyu" failures="0" tests="1" name="com.bdd.runner.TestRunner" time="81.096" errors="0" timestamp="2025-07-20T23:57:00 CEST" skipped="0">
  <testcase classname="com.bdd.runner.TestRunner" name="runScenario" time="81.096"/>
</testsuite> <!-- com.bdd.runner.TestRunner -->
