<?xml version="1.0" encoding="UTF-8"?>
<!-- Generated by org.testng.reporters.JUnitReportReporter -->
<testsuite hostname="Shreyu" failures="0" tests="9" name="com.bdd.runner.TestRunner" time="121.191" errors="0" timestamp="2025-07-22T09:28:45 CEST" skipped="0">
  <testcase classname="com.bdd.runner.TestRunner" name="runScenario" time="19.878"/>
  <testcase classname="com.bdd.runner.TestRunner" name="runScenario" time="8.500"/>
  <testcase classname="com.bdd.runner.TestRunner" name="runScenario" time="12.959"/>
  <testcase classname="com.bdd.runner.TestRunner" name="runScenario" time="2.474"/>
  <testcase classname="com.bdd.runner.TestRunner" name="runScenario" time="27.041"/>
  <testcase classname="com.bdd.runner.TestRunner" name="runScenario" time="14.769"/>
  <testcase classname="com.bdd.runner.TestRunner" name="runScenario" time="10.442"/>
  <testcase classname="com.bdd.runner.TestRunner" name="runScenario" time="12.773"/>
  <testcase classname="com.bdd.runner.TestRunner" name="runScenario" time="12.355"/>
</testsuite> <!-- com.bdd.runner.TestRunner -->
