<?xml version="1.0" encoding="UTF-8"?>
<!-- Generated by org.testng.reporters.JUnitReportReporter -->
<testsuite hostname="Shreyu" failures="0" tests="6" name="com.bdd.runner.TestRunner" time="107.828" errors="0" timestamp="2025-07-21T16:58:15 CEST" skipped="0">
  <testcase classname="com.bdd.runner.TestRunner" name="runScenario" time="17.761"/>
  <testcase classname="com.bdd.runner.TestRunner" name="runScenario" time="10.944"/>
  <testcase classname="com.bdd.runner.TestRunner" name="runScenario" time="12.034"/>
  <testcase classname="com.bdd.runner.TestRunner" name="runScenario" time="10.311"/>
  <testcase classname="com.bdd.runner.TestRunner" name="runScenario" time="47.064"/>
  <testcase classname="com.bdd.runner.TestRunner" name="runScenario" time="9.714"/>
</testsuite> <!-- com.bdd.runner.TestRunner -->
